# JRE version: OpenJDK Runtime Environment (8.0_242-b01) (build 1.8.0_242-release-1644-b01)
# Java VM: OpenJDK 64-Bit Server VM (25.242-b01 mixed mode windows-amd64 compressed oops)
Heap:
 PSYoungGen      total 153088K, used 25506K [0x00000000d5b00000, 0x00000000e0680000, 0x0000000100000000)
  eden space 130560K, 2% used [0x00000000d5b00000,0x00000000d5dea2b0,0x00000000dda80000)
  from space 22528K, 99% used [0x00000000df080000,0x00000000e067e678,0x00000000e0680000)
  to   space 5120K, 0% used [0x00000000ddd00000,0x00000000ddd00000,0x00000000de200000)
 ParOldGen       total 92160K, used 44512K [0x0000000081000000, 0x0000000086a00000, 0x00000000d5b00000)
  object space 92160K, 48% used [0x0000000081000000,0x0000000083b78008,0x0000000086a00000)
 Metaspace       used 44923K, capacity 45708K, committed 46080K, reserved 1089536K
  class space    used 5421K, capacity 5622K, committed 5632K, reserved 1048576K
GC Heap History (10 events):
Event: 2.608 GC heap before
{Heap before GC invocations=4 (full 1):
 PSYoungGen      total 71680K, used 5112K [0x00000000d5b00000, 0x00000000de700000, 0x0000000100000000)
  eden space 66560K, 0% used [0x00000000d5b00000,0x00000000d5b00000,0x00000000d9c00000)
  from space 5120K, 99% used [0x00000000d9c00000,0x00000000da0fe2d0,0x00000000da100000)
  to   space 5120K, 0% used [0x00000000de200000,0x00000000de200000,0x00000000de700000)
 ParOldGen       total 87552K, used 24602K [0x0000000081000000, 0x0000000086580000, 0x00000000d5b00000)
  object space 87552K, 28% used [0x0000000081000000,0x0000000082806a30,0x0000000086580000)
 Metaspace       used 20698K, capacity 21094K, committed 21248K, reserved 1069056K
  class space    used 2360K, capacity 2503K, committed 2560K, reserved 1048576K
Event: 2.725 GC heap after
Heap after GC invocations=4 (full 1):
 PSYoungGen      total 71680K, used 0K [0x00000000d5b00000, 0x00000000de700000, 0x0000000100000000)
  eden space 66560K, 0% used [0x00000000d5b00000,0x00000000d5b00000,0x00000000d9c00000)
  from space 5120K, 0% used [0x00000000d9c00000,0x00000000d9c00000,0x00000000da100000)
  to   space 5120K, 0% used [0x00000000de200000,0x00000000de200000,0x00000000de700000)
 ParOldGen       total 92160K, used 21969K [0x0000000081000000, 0x0000000086a00000, 0x00000000d5b00000)
  object space 92160K, 23% used [0x0000000081000000,0x00000000825747b8,0x0000000086a00000)
 Metaspace       used 20698K, capacity 21094K, committed 21248K, reserved 1069056K
  class space    used 2360K, capacity 2503K, committed 2560K, reserved 1048576K
}
Event: 5.117 GC heap before
{Heap before GC invocations=5 (full 1):
 PSYoungGen      total 71680K, used 66560K [0x00000000d5b00000, 0x00000000de700000, 0x0000000100000000)
  eden space 66560K, 100% used [0x00000000d5b00000,0x00000000d9c00000,0x00000000d9c00000)
  from space 5120K, 0% used [0x00000000d9c00000,0x00000000d9c00000,0x00000000da100000)
  to   space 5120K, 0% used [0x00000000de200000,0x00000000de200000,0x00000000de700000)
 ParOldGen       total 92160K, used 21969K [0x0000000081000000, 0x0000000086a00000, 0x00000000d5b00000)
  object space 92160K, 23% used [0x0000000081000000,0x00000000825747b8,0x0000000086a00000)
 Metaspace       used 30288K, capacity 30764K, committed 31104K, reserved 1077248K
  class space    used 3781K, capacity 3916K, committed 3968K, reserved 1048576K
Event: 5.138 GC heap after
Heap after GC invocations=5 (full 1):
 PSYoungGen      total 98816K, used 5090K [0x00000000d5b00000, 0x00000000de700000, 0x0000000100000000)
  eden space 93696K, 0% used [0x00000000d5b00000,0x00000000d5b00000,0x00000000db680000)
  from space 5120K, 99% used [0x00000000de200000,0x00000000de6f8908,0x00000000de700000)
  to   space 5120K, 0% used [0x00000000ddd00000,0x00000000ddd00000,0x00000000de200000)
 ParOldGen       total 92160K, used 33252K [0x0000000081000000, 0x0000000086a00000, 0x00000000d5b00000)
  object space 92160K, 36% used [0x0000000081000000,0x0000000083079228,0x0000000086a00000)
 Metaspace       used 30288K, capacity 30764K, committed 31104K, reserved 1077248K
  class space    used 3781K, capacity 3916K, committed 3968K, reserved 1048576K
}
Event: 5.704 GC heap before
{Heap before GC invocations=6 (full 1):
 PSYoungGen      total 98816K, used 30061K [0x00000000d5b00000, 0x00000000de700000, 0x0000000100000000)
  eden space 93696K, 26% used [0x00000000d5b00000,0x00000000d7362d48,0x00000000db680000)
  from space 5120K, 99% used [0x00000000de200000,0x00000000de6f8908,0x00000000de700000)
  to   space 5120K, 0% used [0x00000000ddd00000,0x00000000ddd00000,0x00000000de200000)
 ParOldGen       total 92160K, used 33252K [0x0000000081000000, 0x0000000086a00000, 0x00000000d5b00000)
  object space 92160K, 36% used [0x0000000081000000,0x0000000083079228,0x0000000086a00000)
 Metaspace       used 34671K, capacity 35168K, committed 35416K, reserved 1081344K
  class space    used 4378K, capacity 4528K, committed 4608K, reserved 1048576K
Event: 5.717 GC heap after
Heap after GC invocations=6 (full 1):
 PSYoungGen      total 135680K, used 5099K [0x00000000d5b00000, 0x00000000e0680000, 0x0000000100000000)
  eden space 130560K, 0% used [0x00000000d5b00000,0x00000000d5b00000,0x00000000dda80000)
  from space 5120K, 99% used [0x00000000ddd00000,0x00000000de1fadb8,0x00000000de200000)
  to   space 22528K, 0% used [0x00000000df080000,0x00000000df080000,0x00000000e0680000)
 ParOldGen       total 92160K, used 39694K [0x0000000081000000, 0x0000000086a00000, 0x00000000d5b00000)
  object space 92160K, 43% used [0x0000000081000000,0x00000000836c3b98,0x0000000086a00000)
 Metaspace       used 34671K, capacity 35168K, committed 35416K, reserved 1081344K
  class space    used 4378K, capacity 4528K, committed 4608K, reserved 1048576K
}
Event: 5.717 GC heap before
{Heap before GC invocations=7 (full 2):
 PSYoungGen      total 135680K, used 5099K [0x00000000d5b00000, 0x00000000e0680000, 0x0000000100000000)
  eden space 130560K, 0% used [0x00000000d5b00000,0x00000000d5b00000,0x00000000dda80000)
  from space 5120K, 99% used [0x00000000ddd00000,0x00000000de1fadb8,0x00000000de200000)
  to   space 22528K, 0% used [0x00000000df080000,0x00000000df080000,0x00000000e0680000)
 ParOldGen       total 92160K, used 39694K [0x0000000081000000, 0x0000000086a00000, 0x00000000d5b00000)
  object space 92160K, 43% used [0x0000000081000000,0x00000000836c3b98,0x0000000086a00000)
 Metaspace       used 34671K, capacity 35168K, committed 35416K, reserved 1081344K
  class space    used 4378K, capacity 4528K, committed 4608K, reserved 1048576K
Event: 5.836 GC heap after
Heap after GC invocations=7 (full 2):
 PSYoungGen      total 135680K, used 0K [0x00000000d5b00000, 0x00000000e0680000, 0x0000000100000000)
  eden space 130560K, 0% used [0x00000000d5b00000,0x00000000d5b00000,0x00000000dda80000)
  from space 5120K, 0% used [0x00000000ddd00000,0x00000000ddd00000,0x00000000de200000)
  to   space 22528K, 0% used [0x00000000df080000,0x00000000df080000,0x00000000e0680000)
 ParOldGen       total 92160K, used 41460K [0x0000000081000000, 0x0000000086a00000, 0x00000000d5b00000)
  object space 92160K, 44% used [0x0000000081000000,0x000000008387d120,0x0000000086a00000)
 Metaspace       used 34671K, capacity 35168K, committed 35416K, reserved 1081344K
  class space    used 4378K, capacity 4528K, committed 4608K, reserved 1048576K
}
Event: 9.459 GC heap before
{Heap before GC invocations=8 (full 2):
 PSYoungGen      total 135680K, used 130560K [0x00000000d5b00000, 0x00000000e0680000, 0x0000000100000000)
  eden space 130560K, 100% used [0x00000000d5b00000,0x00000000dda80000,0x00000000dda80000)
  from space 5120K, 0% used [0x00000000ddd00000,0x00000000ddd00000,0x00000000de200000)
  to   space 22528K, 0% used [0x00000000df080000,0x00000000df080000,0x00000000e0680000)
 ParOldGen       total 92160K, used 41460K [0x0000000081000000, 0x0000000086a00000, 0x00000000d5b00000)
  object space 92160K, 44% used [0x0000000081000000,0x000000008387d120,0x0000000086a00000)
 Metaspace       used 44520K, capacity 45228K, committed 45568K, reserved 1089536K
  class space    used 5389K, capacity 5590K, committed 5632K, reserved 1048576K
Event: 9.507 GC heap after
Heap after GC invocations=8 (full 2):
 PSYoungGen      total 153088K, used 22521K [0x00000000d5b00000, 0x00000000e0680000, 0x0000000100000000)
  eden space 130560K, 0% used [0x00000000d5b00000,0x00000000d5b00000,0x00000000dda80000)
  from space 22528K, 99% used [0x00000000df080000,0x00000000e067e678,0x00000000e0680000)
  to   space 5120K, 0% used [0x00000000ddd00000,0x00000000ddd00000,0x00000000de200000)
 ParOldGen       total 92160K, used 44512K [0x0000000081000000, 0x0000000086a00000, 0x00000000d5b00000)
  object space 92160K, 48% used [0x0000000081000000,0x0000000083b78008,0x0000000086a00000)
 Metaspace       used 44520K, capacity 45228K, committed 45568K, reserved 1089536K
  class space    used 5389K, capacity 5590K, committed 5632K, reserved 1048576K
}

