# JRE version: OpenJDK Runtime Environment (8.0_242-b01) (build 1.8.0_242-release-1644-b01)
# Java VM: OpenJDK 64-Bit Server VM (25.242-b01 mixed mode windows-amd64 compressed oops)
Heap:
 PSYoungGen      total 401920K, used 66972K [0x00000000d5580000, 0x00000000f2480000, 0x0000000100000000)
  eden space 373248K, 10% used [0x00000000d5580000,0x00000000d7aed2d8,0x00000000ec200000)
  from space 28672K, 99% used [0x00000000eec80000,0x00000000f0879f20,0x00000000f0880000)
  to   space 43520K, 0% used [0x00000000ec200000,0x00000000ec200000,0x00000000eec80000)
 ParOldGen       total 118272K, used 72264K [0x0000000080000000, 0x0000000087380000, 0x00000000d5580000)
  object space 118272K, 61% used [0x0000000080000000,0x00000000846923b8,0x0000000087380000)
 Metaspace       used 81154K, capacity 85732K, committed 86040K, reserved 1124352K
  class space    used 11140K, capacity 12023K, committed 12080K, reserved 1048576K
GC Heap History (10 events):
Event: 11.766 GC heap before
{Heap before GC invocations=11 (full 2):
 PSYoungGen      total 252928K, used 238080K [0x00000000d5580000, 0x00000000e5b00000, 0x0000000100000000)
  eden space 238080K, 100% used [0x00000000d5580000,0x00000000e3e00000,0x00000000e3e00000)
  from space 14848K, 0% used [0x00000000e4c80000,0x00000000e4c80000,0x00000000e5b00000)
  to   space 14848K, 0% used [0x00000000e3e00000,0x00000000e3e00000,0x00000000e4c80000)
 ParOldGen       total 75776K, used 15173K [0x0000000080000000, 0x0000000084a00000, 0x00000000d5580000)
  object space 75776K, 20% used [0x0000000080000000,0x0000000080ed1460,0x0000000084a00000)
 Metaspace       used 45601K, capacity 47470K, committed 47784K, reserved 1091584K
  class space    used 6160K, capacity 6515K, committed 6576K, reserved 1048576K
Event: 11.796 GC heap after
Heap after GC invocations=11 (full 2):
 PSYoungGen      total 252928K, used 14844K [0x00000000d5580000, 0x00000000eb000000, 0x0000000100000000)
  eden space 238080K, 0% used [0x00000000d5580000,0x00000000d5580000,0x00000000e3e00000)
  from space 14848K, 99% used [0x00000000e3e00000,0x00000000e4c7f2f8,0x00000000e4c80000)
  to   space 17920K, 0% used [0x00000000e9e80000,0x00000000e9e80000,0x00000000eb000000)
 ParOldGen       total 75776K, used 16801K [0x0000000080000000, 0x0000000084a00000, 0x00000000d5580000)
  object space 75776K, 22% used [0x0000000080000000,0x0000000081068638,0x0000000084a00000)
 Metaspace       used 45601K, capacity 47470K, committed 47784K, reserved 1091584K
  class space    used 6160K, capacity 6515K, committed 6576K, reserved 1048576K
}
Event: 14.686 GC heap before
{Heap before GC invocations=12 (full 2):
 PSYoungGen      total 252928K, used 154644K [0x00000000d5580000, 0x00000000eb000000, 0x0000000100000000)
  eden space 238080K, 58% used [0x00000000d5580000,0x00000000dde05ff8,0x00000000e3e00000)
  from space 14848K, 99% used [0x00000000e3e00000,0x00000000e4c7f2f8,0x00000000e4c80000)
  to   space 17920K, 0% used [0x00000000e9e80000,0x00000000e9e80000,0x00000000eb000000)
 ParOldGen       total 75776K, used 16801K [0x0000000080000000, 0x0000000084a00000, 0x00000000d5580000)
  object space 75776K, 22% used [0x0000000080000000,0x0000000081068638,0x0000000084a00000)
 Metaspace       used 56755K, capacity 59006K, committed 59160K, reserved 1099776K
  class space    used 7676K, capacity 8148K, committed 8240K, reserved 1048576K
Event: 14.732 GC heap after
Heap after GC invocations=12 (full 2):
 PSYoungGen      total 331776K, used 17889K [0x00000000d5580000, 0x00000000eb600000, 0x0000000100000000)
  eden space 313856K, 0% used [0x00000000d5580000,0x00000000d5580000,0x00000000e8800000)
  from space 17920K, 99% used [0x00000000e9e80000,0x00000000eaff8550,0x00000000eb000000)
  to   space 23040K, 0% used [0x00000000e8800000,0x00000000e8800000,0x00000000e9e80000)
 ParOldGen       total 75776K, used 23799K [0x0000000080000000, 0x0000000084a00000, 0x00000000d5580000)
  object space 75776K, 31% used [0x0000000080000000,0x000000008173dc98,0x0000000084a00000)
 Metaspace       used 56755K, capacity 59006K, committed 59160K, reserved 1099776K
  class space    used 7676K, capacity 8148K, committed 8240K, reserved 1048576K
}
Event: 14.732 GC heap before
{Heap before GC invocations=13 (full 3):
 PSYoungGen      total 331776K, used 17889K [0x00000000d5580000, 0x00000000eb600000, 0x0000000100000000)
  eden space 313856K, 0% used [0x00000000d5580000,0x00000000d5580000,0x00000000e8800000)
  from space 17920K, 99% used [0x00000000e9e80000,0x00000000eaff8550,0x00000000eb000000)
  to   space 23040K, 0% used [0x00000000e8800000,0x00000000e8800000,0x00000000e9e80000)
 ParOldGen       total 75776K, used 23799K [0x0000000080000000, 0x0000000084a00000, 0x00000000d5580000)
  object space 75776K, 31% used [0x0000000080000000,0x000000008173dc98,0x0000000084a00000)
 Metaspace       used 56755K, capacity 59006K, committed 59160K, reserved 1099776K
  class space    used 7676K, capacity 8148K, committed 8240K, reserved 1048576K
Event: 15.076 GC heap after
Heap after GC invocations=13 (full 3):
 PSYoungGen      total 331776K, used 0K [0x00000000d5580000, 0x00000000eb600000, 0x0000000100000000)
  eden space 313856K, 0% used [0x00000000d5580000,0x00000000d5580000,0x00000000e8800000)
  from space 17920K, 0% used [0x00000000e9e80000,0x00000000e9e80000,0x00000000eb000000)
  to   space 23040K, 0% used [0x00000000e8800000,0x00000000e8800000,0x00000000e9e80000)
 ParOldGen       total 118272K, used 37287K [0x0000000080000000, 0x0000000087380000, 0x00000000d5580000)
  object space 118272K, 31% used [0x0000000080000000,0x0000000082469fd0,0x0000000087380000)
 Metaspace       used 56734K, capacity 58934K, committed 59160K, reserved 1099776K
  class space    used 7670K, capacity 8136K, committed 8240K, reserved 1048576K
}
Event: 21.152 GC heap before
{Heap before GC invocations=14 (full 3):
 PSYoungGen      total 331776K, used 313856K [0x00000000d5580000, 0x00000000eb600000, 0x0000000100000000)
  eden space 313856K, 100% used [0x00000000d5580000,0x00000000e8800000,0x00000000e8800000)
  from space 17920K, 0% used [0x00000000e9e80000,0x00000000e9e80000,0x00000000eb000000)
  to   space 23040K, 0% used [0x00000000e8800000,0x00000000e8800000,0x00000000e9e80000)
 ParOldGen       total 118272K, used 37287K [0x0000000080000000, 0x0000000087380000, 0x00000000d5580000)
  object space 118272K, 31% used [0x0000000080000000,0x0000000082469fd0,0x0000000087380000)
 Metaspace       used 70864K, capacity 73996K, committed 74008K, reserved 1114112K
  class space    used 9673K, capacity 10285K, committed 10288K, reserved 1048576K
Event: 21.215 GC heap after
Heap after GC invocations=14 (full 3):
 PSYoungGen      total 336896K, used 23010K [0x00000000d5580000, 0x00000000f0880000, 0x0000000100000000)
  eden space 313856K, 0% used [0x00000000d5580000,0x00000000d5580000,0x00000000e8800000)
  from space 23040K, 99% used [0x00000000e8800000,0x00000000e9e788a8,0x00000000e9e80000)
  to   space 28672K, 0% used [0x00000000eec80000,0x00000000eec80000,0x00000000f0880000)
 ParOldGen       total 118272K, used 43381K [0x0000000080000000, 0x0000000087380000, 0x00000000d5580000)
  object space 118272K, 36% used [0x0000000080000000,0x0000000082a5d530,0x0000000087380000)
 Metaspace       used 70864K, capacity 73996K, committed 74008K, reserved 1114112K
  class space    used 9673K, capacity 10285K, committed 10288K, reserved 1048576K
}
Event: 26.895 GC heap before
{Heap before GC invocations=15 (full 3):
 PSYoungGen      total 336896K, used 336866K [0x00000000d5580000, 0x00000000f0880000, 0x0000000100000000)
  eden space 313856K, 100% used [0x00000000d5580000,0x00000000e8800000,0x00000000e8800000)
  from space 23040K, 99% used [0x00000000e8800000,0x00000000e9e788a8,0x00000000e9e80000)
  to   space 28672K, 0% used [0x00000000eec80000,0x00000000eec80000,0x00000000f0880000)
 ParOldGen       total 118272K, used 43381K [0x0000000080000000, 0x0000000087380000, 0x00000000d5580000)
  object space 118272K, 36% used [0x0000000080000000,0x0000000082a5d530,0x0000000087380000)
 Metaspace       used 80185K, capacity 84414K, committed 84632K, reserved 1122304K
  class space    used 11010K, capacity 11836K, committed 11952K, reserved 1048576K
Event: 27.007 GC heap after
Heap after GC invocations=15 (full 3):
 PSYoungGen      total 401920K, used 28647K [0x00000000d5580000, 0x00000000f2480000, 0x0000000100000000)
  eden space 373248K, 0% used [0x00000000d5580000,0x00000000d5580000,0x00000000ec200000)
  from space 28672K, 99% used [0x00000000eec80000,0x00000000f0879f20,0x00000000f0880000)
  to   space 43520K, 0% used [0x00000000ec200000,0x00000000ec200000,0x00000000eec80000)
 ParOldGen       total 118272K, used 72264K [0x0000000080000000, 0x0000000087380000, 0x00000000d5580000)
  object space 118272K, 61% used [0x0000000080000000,0x00000000846923b8,0x0000000087380000)
 Metaspace       used 80185K, capacity 84414K, committed 84632K, reserved 1122304K
  class space    used 11010K, capacity 11836K, committed 11952K, reserved 1048576K
}

