# JRE version: OpenJDK Runtime Environment (8.0_242-b01) (build 1.8.0_242-release-1644-b01)
# Java VM: OpenJDK 64-Bit Server VM (25.242-b01 mixed mode windows-amd64 compressed oops)
Heap:
 PSYoungGen      total 599040K, used 298298K [0x00000000d5580000, 0x00000000fbd00000, 0x0000000100000000)
  eden space 568320K, 49% used [0x00000000d5580000,0x00000000e66addd8,0x00000000f8080000)
  from space 30720K, 60% used [0x00000000f8100000,0x00000000f9320d00,0x00000000f9f00000)
  to   space 12288K, 0% used [0x00000000fb100000,0x00000000fb100000,0x00000000fbd00000)
 ParOldGen       total 122880K, used 66832K [0x0000000080000000, 0x0000000087800000, 0x00000000d5580000)
  object space 122880K, 54% used [0x0000000080000000,0x0000000084144320,0x0000000087800000)
 Metaspace       used 91009K, capacity 96568K, committed 96856K, reserved 1132544K
  class space    used 11847K, capacity 12822K, committed 12928K, reserved 1048576K
GC Heap History (10 events):
Event: 15.175 GC heap before
{Heap before GC invocations=12 (full 3):
 PSYoungGen      total 432640K, used 18924K [0x00000000d5580000, 0x00000000f6b80000, 0x0000000100000000)
  eden space 413696K, 0% used [0x00000000d5580000,0x00000000d5580000,0x00000000ee980000)
  from space 18944K, 99% used [0x00000000ee980000,0x00000000efbfb3f0,0x00000000efc00000)
  to   space 24064K, 0% used [0x00000000f5400000,0x00000000f5400000,0x00000000f6b80000)
 ParOldGen       total 80384K, used 22956K [0x0000000080000000, 0x0000000084e80000, 0x00000000d5580000)
  object space 80384K, 28% used [0x0000000080000000,0x000000008166b3a0,0x0000000084e80000)
 Metaspace       used 56697K, capacity 58904K, committed 59028K, reserved 1099776K
  class space    used 7667K, capacity 8115K, committed 8192K, reserved 1048576K
Event: 15.471 GC heap after
Heap after GC invocations=12 (full 3):
 PSYoungGen      total 432640K, used 0K [0x00000000d5580000, 0x00000000f6b80000, 0x0000000100000000)
  eden space 413696K, 0% used [0x00000000d5580000,0x00000000d5580000,0x00000000ee980000)
  from space 18944K, 0% used [0x00000000ee980000,0x00000000ee980000,0x00000000efc00000)
  to   space 24064K, 0% used [0x00000000f5400000,0x00000000f5400000,0x00000000f6b80000)
 ParOldGen       total 122880K, used 36620K [0x0000000080000000, 0x0000000087800000, 0x00000000d5580000)
  object space 122880K, 29% used [0x0000000080000000,0x00000000823c3198,0x0000000087800000)
 Metaspace       used 56678K, capacity 58838K, committed 59028K, reserved 1099776K
  class space    used 7661K, capacity 8104K, committed 8192K, reserved 1048576K
}
Event: 48.130 GC heap before
{Heap before GC invocations=13 (full 3):
 PSYoungGen      total 432640K, used 413696K [0x00000000d5580000, 0x00000000f6b80000, 0x0000000100000000)
  eden space 413696K, 100% used [0x00000000d5580000,0x00000000ee980000,0x00000000ee980000)
  from space 18944K, 0% used [0x00000000ee980000,0x00000000ee980000,0x00000000efc00000)
  to   space 24064K, 0% used [0x00000000f5400000,0x00000000f5400000,0x00000000f6b80000)
 ParOldGen       total 122880K, used 36620K [0x0000000080000000, 0x0000000087800000, 0x00000000d5580000)
  object space 122880K, 29% used [0x0000000080000000,0x00000000823c3198,0x0000000087800000)
 Metaspace       used 72992K, capacity 76252K, committed 76376K, reserved 1116160K
  class space    used 9904K, capacity 10529K, committed 10624K, reserved 1048576K
Event: 48.189 GC heap after
Heap after GC invocations=13 (full 3):
 PSYoungGen      total 515584K, used 24057K [0x00000000d5580000, 0x00000000f8380000, 0x0000000100000000)
  eden space 491520K, 0% used [0x00000000d5580000,0x00000000d5580000,0x00000000f3580000)
  from space 24064K, 99% used [0x00000000f5400000,0x00000000f6b7e6c8,0x00000000f6b80000)
  to   space 31232K, 0% used [0x00000000f3580000,0x00000000f3580000,0x00000000f5400000)
 ParOldGen       total 122880K, used 46900K [0x0000000080000000, 0x0000000087800000, 0x00000000d5580000)
  object space 122880K, 38% used [0x0000000080000000,0x0000000082dcd3f8,0x0000000087800000)
 Metaspace       used 72992K, capacity 76252K, committed 76376K, reserved 1116160K
  class space    used 9904K, capacity 10529K, committed 10624K, reserved 1048576K
}
Event: 279.535 GC heap before
{Heap before GC invocations=14 (full 3):
 PSYoungGen      total 515584K, used 515577K [0x00000000d5580000, 0x00000000f8380000, 0x0000000100000000)
  eden space 491520K, 100% used [0x00000000d5580000,0x00000000f3580000,0x00000000f3580000)
  from space 24064K, 99% used [0x00000000f5400000,0x00000000f6b7e6c8,0x00000000f6b80000)
  to   space 31232K, 0% used [0x00000000f3580000,0x00000000f3580000,0x00000000f5400000)
 ParOldGen       total 122880K, used 46900K [0x0000000080000000, 0x0000000087800000, 0x00000000d5580000)
  object space 122880K, 38% used [0x0000000080000000,0x0000000082dcd3f8,0x0000000087800000)
 Metaspace       used 80330K, capacity 83872K, committed 84184K, reserved 1122304K
  class space    used 10527K, capacity 11179K, committed 11264K, reserved 1048576K
Event: 279.655 GC heap after
Heap after GC invocations=14 (full 3):
 PSYoungGen      total 522752K, used 20464K [0x00000000d5580000, 0x00000000fd080000, 0x0000000100000000)
  eden space 491520K, 0% used [0x00000000d5580000,0x00000000d5580000,0x00000000f3580000)
  from space 31232K, 65% used [0x00000000f3580000,0x00000000f497c1d0,0x00000000f5400000)
  to   space 32256K, 0% used [0x00000000fb100000,0x00000000fb100000,0x00000000fd080000)
 ParOldGen       total 122880K, used 66816K [0x0000000080000000, 0x0000000087800000, 0x00000000d5580000)
  object space 122880K, 54% used [0x0000000080000000,0x0000000084140320,0x0000000087800000)
 Metaspace       used 80330K, capacity 83872K, committed 84184K, reserved 1122304K
  class space    used 10527K, capacity 11179K, committed 11264K, reserved 1048576K
}
Event: 910.121 GC heap before
{Heap before GC invocations=15 (full 3):
 PSYoungGen      total 522752K, used 511984K [0x00000000d5580000, 0x00000000fd080000, 0x0000000100000000)
  eden space 491520K, 100% used [0x00000000d5580000,0x00000000f3580000,0x00000000f3580000)
  from space 31232K, 65% used [0x00000000f3580000,0x00000000f497c1d0,0x00000000f5400000)
  to   space 32256K, 0% used [0x00000000fb100000,0x00000000fb100000,0x00000000fd080000)
 ParOldGen       total 122880K, used 66816K [0x0000000080000000, 0x0000000087800000, 0x00000000d5580000)
  object space 122880K, 54% used [0x0000000080000000,0x0000000084140320,0x0000000087800000)
 Metaspace       used 81332K, capacity 85194K, committed 85336K, reserved 1124352K
  class space    used 10576K, capacity 11266K, committed 11392K, reserved 1048576K
Event: 910.145 GC heap after
Heap after GC invocations=15 (full 3):
 PSYoungGen      total 580608K, used 11825K [0x00000000d5580000, 0x00000000fbd00000, 0x0000000100000000)
  eden space 568320K, 0% used [0x00000000d5580000,0x00000000d5580000,0x00000000f8080000)
  from space 12288K, 96% used [0x00000000fb100000,0x00000000fbc8c7a8,0x00000000fbd00000)
  to   space 30720K, 0% used [0x00000000f8100000,0x00000000f8100000,0x00000000f9f00000)
 ParOldGen       total 122880K, used 66824K [0x0000000080000000, 0x0000000087800000, 0x00000000d5580000)
  object space 122880K, 54% used [0x0000000080000000,0x0000000084142320,0x0000000087800000)
 Metaspace       used 81332K, capacity 85194K, committed 85336K, reserved 1124352K
  class space    used 10576K, capacity 11266K, committed 11392K, reserved 1048576K
}
Event: 1204.332 GC heap before
{Heap before GC invocations=16 (full 3):
 PSYoungGen      total 580608K, used 580145K [0x00000000d5580000, 0x00000000fbd00000, 0x0000000100000000)
  eden space 568320K, 100% used [0x00000000d5580000,0x00000000f8080000,0x00000000f8080000)
  from space 12288K, 96% used [0x00000000fb100000,0x00000000fbc8c7a8,0x00000000fbd00000)
  to   space 30720K, 0% used [0x00000000f8100000,0x00000000f8100000,0x00000000f9f00000)
 ParOldGen       total 122880K, used 66824K [0x0000000080000000, 0x0000000087800000, 0x00000000d5580000)
  object space 122880K, 54% used [0x0000000080000000,0x0000000084142320,0x0000000087800000)
 Metaspace       used 88351K, capacity 93794K, committed 93912K, reserved 1130496K
  class space    used 11552K, capacity 12489K, committed 12544K, reserved 1048576K
Event: 1204.368 GC heap after
Heap after GC invocations=16 (full 3):
 PSYoungGen      total 599040K, used 18563K [0x00000000d5580000, 0x00000000fbd00000, 0x0000000100000000)
  eden space 568320K, 0% used [0x00000000d5580000,0x00000000d5580000,0x00000000f8080000)
  from space 30720K, 60% used [0x00000000f8100000,0x00000000f9320d00,0x00000000f9f00000)
  to   space 12288K, 0% used [0x00000000fb100000,0x00000000fb100000,0x00000000fbd00000)
 ParOldGen       total 122880K, used 66832K [0x0000000080000000, 0x0000000087800000, 0x00000000d5580000)
  object space 122880K, 54% used [0x0000000080000000,0x0000000084144320,0x0000000087800000)
 Metaspace       used 88351K, capacity 93794K, committed 93912K, reserved 1130496K
  class space    used 11552K, capacity 12489K, committed 12544K, reserved 1048576K
}

